<?xml version="1.0" encoding="UTF-8"?>
<testng-results skipped="0" failed="0" ignored="0" total="1" passed="1">
  <reporter-output>
  </reporter-output>
  <suite name="Default suite" duration-ms="26339" started-at="2019-03-27T13:18:56Z" finished-at="2019-03-27T13:19:22Z">
    <groups>
    </groups>
    <test name="Default test" duration-ms="26339" started-at="2019-03-27T13:18:56Z" finished-at="2019-03-27T13:19:22Z">
      <class name="com.qa.hs.tests.LoginTest">
        <test-method status="PASS" signature="beforetest()[pri:0, instance:com.qa.hs.tests.LoginTest@42d80b78]" name="beforetest" is-config="true" duration-ms="12500" started-at="2019-03-27T13:18:56Z" finished-at="2019-03-27T13:19:08Z">
          <reporter-output>
          </reporter-output>
        </test-method> <!-- beforetest -->
        <test-method status="PASS" signature="loginTest()[pri:0, instance:com.qa.hs.tests.LoginTest@42d80b78]" name="loginTest" duration-ms="11613" started-at="2019-03-27T13:19:08Z" finished-at="2019-03-27T13:19:20Z">
          <reporter-output>
          </reporter-output>
        </test-method> <!-- loginTest -->
        <test-method status="PASS" signature="teardown()[pri:0, instance:com.qa.hs.tests.LoginTest@42d80b78]" name="teardown" is-config="true" duration-ms="2185" started-at="2019-03-27T13:19:20Z" finished-at="2019-03-27T13:19:22Z">
          <reporter-output>
          </reporter-output>
        </test-method> <!-- teardown -->
      </class> <!-- com.qa.hs.tests.LoginTest -->
    </test> <!-- Default test -->
  </suite> <!-- Default suite -->
</testng-results>
